<?xml version="1.0" encoding="UTF-8"?>
<!-- Generated by org.testng.reporters.JUnitXMLReporter -->
<testsuite hostname="DESKTOP-K5O4J25" ignored="0" name="test" tests="3" failures="0" timestamp="02 Aug 2022 08:34:08 GMT" time="0.047" errors="0">
  <testcase name="@BeforeTest beforeTest" time="0.011" classname="Academy.HomePage">
    <failure type="java.lang.NullPointerException">
      <![CDATA[java.lang.NullPointerException
at Academy.Base.initializeDriver(Base.java:27)
at Academy.HomePage.beforeTest(HomePage.java:19)
... Removed 28 stack frames]]>
    </failure>
  </testcase> <!-- @BeforeTest beforeTest -->
  <testcase name="@BeforeTest beforeTest" time="0.0" classname="Academy.ValidatePage">
    <skipped/>
  </testcase> <!-- @BeforeTest beforeTest -->
  <testcase name="@AfterTest afterTest" time="0.0" classname="Academy.HomePage">
    <skipped/>
  </testcase> <!-- @AfterTest afterTest -->
  <testcase name="@AfterTest afterTest" time="0.0" classname="Academy.ValidatePage">
    <skipped/>
  </testcase> <!-- @AfterTest afterTest -->
  <testcase name="basePageNavigation" time="0.0" classname="Academy.HomePage">
    <skipped/>
  </testcase> <!-- basePageNavigation -->
  <testcase name="basePageNavigation" time="0.0" classname="Academy.HomePage">
    <skipped/>
  </testcase> <!-- basePageNavigation -->
  <testcase name="valid" time="0.0" classname="Academy.ValidatePage">
    <skipped/>
  </testcase> <!-- valid -->
</testsuite> <!-- test -->
