<?xml version="1.0" encoding="UTF-8"?>
<!-- Generated by org.testng.reporters.JUnitXMLReporter -->
<testsuite ignored="0" hostname="DESKTOP-K5O4J25" failures="0" tests="7" name="second test" time="0.063" errors="0" timestamp="01 Jul 2022 09:03:48 GMT">
  <testcase classname="Testng.day3" name="MobileLoginCarLoan" time="0.009"/>
  <testcase classname="Testng.day3" name="MobileLogoutCarLoan" time="0.001"/>
  <testcase classname="Testng.day3" name="WebloginCarLoan" time="0.002"/>
  <testcase classname="Testng.day3" name="login" time="0.001"/>
  <testcase classname="Testng.day3" name="login" time="0.0"/>
  <testcase classname="Testng.day3" name="login" time="0.0"/>
  <testcase classname="Testng.day3" name="LoginAPICarLoan" time="0.001"/>
</testsuite> <!-- second test -->
