<?xml version="1.0" encoding="UTF-8"?>
<testng-results ignored="0" total="9" passed="9" failed="0" skipped="0">
  <reporter-output>
  </reporter-output>
  <suite started-at="2022-07-01T09:03:48Z" name="All Test Suite" finished-at="2022-07-01T09:03:48Z" duration-ms="64">
    <groups>
      <group name="Smoke">
        <method signature="day3.WebloginCarLoan(java.lang.String)[pri:0, instance:Testng.day3@f5ac9e4]" name="WebloginCarLoan" class="Testng.day3"/>
      </group> <!-- Smoke -->
    </groups>
    <test started-at="2022-07-01T09:03:48Z" name="first test" finished-at="2022-07-01T09:03:48Z" duration-ms="63">
      <class name="Testng.day1">
        <test-method signature="SecondTest()[pri:0, instance:Testng.day1@4f209819]" started-at="2022-07-01T09:03:48Z" name="SecondTest" finished-at="2022-07-01T09:03:48Z" duration-ms="9" status="PASS">
          <reporter-output>
          </reporter-output>
        </test-method> <!-- SecondTest -->
        <test-method signature="demo(java.lang.String)[pri:0, instance:Testng.day1@4f209819]" started-at="2022-07-01T09:03:48Z" name="demo" finished-at="2022-07-01T09:03:48Z" duration-ms="4" status="PASS">
          <params>
            <param index="0">
              <value>
                <![CDATA[google.com]]>
              </value>
            </param>
          </params>
          <reporter-output>
          </reporter-output>
        </test-method> <!-- demo -->
      </class> <!-- Testng.day1 -->
    </test> <!-- first test -->
    <test started-at="2022-07-01T09:03:48Z" name="second test" finished-at="2022-07-01T09:03:48Z" duration-ms="63">
      <class name="Testng.day3">
        <test-method signature="MobileLoginCarLoan()[pri:0, instance:Testng.day3@f5ac9e4]" started-at="2022-07-01T09:03:48Z" name="MobileLoginCarLoan" finished-at="2022-07-01T09:03:48Z" duration-ms="9" status="PASS">
          <reporter-output>
          </reporter-output>
        </test-method> <!-- MobileLoginCarLoan -->
        <test-method signature="MobileLogoutCarLoan()[pri:0, instance:Testng.day3@f5ac9e4]" started-at="2022-07-01T09:03:48Z" name="MobileLogoutCarLoan" finished-at="2022-07-01T09:03:48Z" duration-ms="1" status="PASS">
          <reporter-output>
          </reporter-output>
        </test-method> <!-- MobileLogoutCarLoan -->
        <test-method signature="WebloginCarLoan(java.lang.String)[pri:0, instance:Testng.day3@f5ac9e4]" started-at="2022-07-01T09:03:48Z" name="WebloginCarLoan" finished-at="2022-07-01T09:03:48Z" duration-ms="2" status="PASS">
          <params>
            <param index="0">
              <value>
                <![CDATA[facebook.com]]>
              </value>
            </param>
          </params>
          <reporter-output>
          </reporter-output>
        </test-method> <!-- WebloginCarLoan -->
        <test-method signature="login(java.lang.String, java.lang.String)[pri:0, instance:Testng.day3@f5ac9e4]" started-at="2022-07-01T09:03:48Z" name="login" data-provider="getData" finished-at="2022-07-01T09:03:48Z" duration-ms="1" status="PASS">
          <params>
            <param index="0">
              <value>
                <![CDATA[firstsetusername]]>
              </value>
            </param>
            <param index="1">
              <value>
                <![CDATA[password]]>
              </value>
            </param>
          </params>
          <reporter-output>
          </reporter-output>
        </test-method> <!-- login -->
        <test-method signature="login(java.lang.String, java.lang.String)[pri:0, instance:Testng.day3@f5ac9e4]" started-at="2022-07-01T09:03:48Z" name="login" data-provider="getData" finished-at="2022-07-01T09:03:48Z" duration-ms="0" status="PASS">
          <params>
            <param index="0">
              <value>
                <![CDATA[secondsetusername]]>
              </value>
            </param>
            <param index="1">
              <value>
                <![CDATA[secondpassword]]>
              </value>
            </param>
          </params>
          <reporter-output>
          </reporter-output>
        </test-method> <!-- login -->
        <test-method signature="login(java.lang.String, java.lang.String)[pri:0, instance:Testng.day3@f5ac9e4]" started-at="2022-07-01T09:03:48Z" name="login" data-provider="getData" finished-at="2022-07-01T09:03:48Z" duration-ms="0" status="PASS">
          <params>
            <param index="0">
              <value>
                <![CDATA[thirdsetusername]]>
              </value>
            </param>
            <param index="1">
              <value>
                <![CDATA[thirdpassword]]>
              </value>
            </param>
          </params>
          <reporter-output>
          </reporter-output>
        </test-method> <!-- login -->
        <test-method signature="LoginAPICarLoan()[pri:0, instance:Testng.day3@f5ac9e4]" started-at="2022-07-01T09:03:48Z" name="LoginAPICarLoan" finished-at="2022-07-01T09:03:48Z" depends-on-methods="Testng.day3.WebloginCarLoan" duration-ms="1" status="PASS">
          <reporter-output>
          </reporter-output>
        </test-method> <!-- LoginAPICarLoan -->
      </class> <!-- Testng.day3 -->
    </test> <!-- second test -->
  </suite> <!-- All Test Suite -->
</testng-results>
